# JRE version: Java(TM) SE Runtime Environment (8.0_191-b12) (build 1.8.0_191-b12)
# Java VM: Java HotSpot(TM) 64-Bit Server VM (25.191-b12 mixed mode windows-amd64 compressed oops)
Heap:
 PSYoungGen      total 335872K, used 132932K [0x00000000d6100000, 0x00000000ec280000, 0x0000000100000000)
  eden space 323072K, 41% used [0x00000000d6100000,0x00000000de2d1228,0x00000000e9c80000)
  from space 12800K, 0% used [0x00000000ea880000,0x00000000ea880000,0x00000000eb500000)
  to   space 12288K, 0% used [0x00000000e9c80000,0x00000000e9c80000,0x00000000ea880000)
 ParOldGen       total 103936K, used 30539K [0x0000000082200000, 0x0000000088780000, 0x00000000d6100000)
  object space 103936K, 29% used [0x0000000082200000,0x0000000083fd2c50,0x0000000088780000)
 Metaspace       used 62301K, capacity 63854K, committed 64344K, reserved 1105920K
  class space    used 8201K, capacity 8527K, committed 8576K, reserved 1048576K
GC Heap History (10 events):
Event: 11.237 GC heap before
{Heap before GC invocations=13 (full 2):
 PSYoungGen      total 174080K, used 6320K [0x00000000d6100000, 0x00000000e6480000, 0x0000000100000000)
  eden space 162816K, 0% used [0x00000000d6100000,0x00000000d6100000,0x00000000e0000000)
  from space 11264K, 56% used [0x00000000e0000000,0x00000000e062c258,0x00000000e0b00000)
  to   space 10752K, 0% used [0x00000000e5a00000,0x00000000e5a00000,0x00000000e6480000)
 ParOldGen       total 51712K, used 17483K [0x0000000082200000, 0x0000000085480000, 0x00000000d6100000)
  object space 51712K, 33% used [0x0000000082200000,0x0000000083312e98,0x0000000085480000)
 Metaspace       used 34240K, capacity 35316K, committed 35456K, reserved 1079296K
  class space    used 4403K, capacity 4648K, committed 4736K, reserved 1048576K
Event: 11.415 GC heap after
Heap after GC invocations=13 (full 2):
 PSYoungGen      total 174080K, used 0K [0x00000000d6100000, 0x00000000e6480000, 0x0000000100000000)
  eden space 162816K, 0% used [0x00000000d6100000,0x00000000d6100000,0x00000000e0000000)
  from space 11264K, 0% used [0x00000000e0000000,0x00000000e0000000,0x00000000e0b00000)
  to   space 10752K, 0% used [0x00000000e5a00000,0x00000000e5a00000,0x00000000e6480000)
 ParOldGen       total 78848K, used 19629K [0x0000000082200000, 0x0000000086f00000, 0x00000000d6100000)
  object space 78848K, 24% used [0x0000000082200000,0x000000008352b698,0x0000000086f00000)
 Metaspace       used 34240K, capacity 35316K, committed 35456K, reserved 1079296K
  class space    used 4403K, capacity 4648K, committed 4736K, reserved 1048576K
}
Event: 14.543 GC heap before
{Heap before GC invocations=14 (full 2):
 PSYoungGen      total 174080K, used 162816K [0x00000000d6100000, 0x00000000e6480000, 0x0000000100000000)
  eden space 162816K, 100% used [0x00000000d6100000,0x00000000e0000000,0x00000000e0000000)
  from space 11264K, 0% used [0x00000000e0000000,0x00000000e0000000,0x00000000e0b00000)
  to   space 10752K, 0% used [0x00000000e5a00000,0x00000000e5a00000,0x00000000e6480000)
 ParOldGen       total 78848K, used 19629K [0x0000000082200000, 0x0000000086f00000, 0x00000000d6100000)
  object space 78848K, 24% used [0x0000000082200000,0x000000008352b698,0x0000000086f00000)
 Metaspace       used 40688K, capacity 42002K, committed 42240K, reserved 1085440K
  class space    used 5076K, capacity 5367K, committed 5376K, reserved 1048576K
Event: 14.562 GC heap after
Heap after GC invocations=14 (full 2):
 PSYoungGen      total 235008K, used 8935K [0x00000000d6100000, 0x00000000e6300000, 0x0000000100000000)
  eden space 225792K, 0% used [0x00000000d6100000,0x00000000d6100000,0x00000000e3d80000)
  from space 9216K, 96% used [0x00000000e5a00000,0x00000000e62b9c88,0x00000000e6300000)
  to   space 11264K, 0% used [0x00000000e4d00000,0x00000000e4d00000,0x00000000e5800000)
 ParOldGen       total 78848K, used 19637K [0x0000000082200000, 0x0000000086f00000, 0x00000000d6100000)
  object space 78848K, 24% used [0x0000000082200000,0x000000008352d698,0x0000000086f00000)
 Metaspace       used 40688K, capacity 42002K, committed 42240K, reserved 1085440K
  class space    used 5076K, capacity 5367K, committed 5376K, reserved 1048576K
}
Event: 18.868 GC heap before
{Heap before GC invocations=15 (full 2):
 PSYoungGen      total 235008K, used 234727K [0x00000000d6100000, 0x00000000e6300000, 0x0000000100000000)
  eden space 225792K, 100% used [0x00000000d6100000,0x00000000e3d80000,0x00000000e3d80000)
  from space 9216K, 96% used [0x00000000e5a00000,0x00000000e62b9c88,0x00000000e6300000)
  to   space 11264K, 0% used [0x00000000e4d00000,0x00000000e4d00000,0x00000000e5800000)
 ParOldGen       total 78848K, used 19637K [0x0000000082200000, 0x0000000086f00000, 0x00000000d6100000)
  object space 78848K, 24% used [0x0000000082200000,0x000000008352d698,0x0000000086f00000)
 Metaspace       used 50753K, capacity 52168K, committed 52480K, reserved 1095680K
  class space    used 6614K, capacity 6908K, committed 6912K, reserved 1048576K
Event: 19.255 GC heap after
Heap after GC invocations=15 (full 2):
 PSYoungGen      total 252928K, used 11165K [0x00000000d6100000, 0x00000000eb500000, 0x0000000100000000)
  eden space 241664K, 0% used [0x00000000d6100000,0x00000000d6100000,0x00000000e4d00000)
  from space 11264K, 99% used [0x00000000e4d00000,0x00000000e57e74b0,0x00000000e5800000)
  to   space 12800K, 0% used [0x00000000ea880000,0x00000000ea880000,0x00000000eb500000)
 ParOldGen       total 78848K, used 25198K [0x0000000082200000, 0x0000000086f00000, 0x00000000d6100000)
  object space 78848K, 31% used [0x0000000082200000,0x0000000083a9bb38,0x0000000086f00000)
 Metaspace       used 50753K, capacity 52168K, committed 52480K, reserved 1095680K
  class space    used 6614K, capacity 6908K, committed 6912K, reserved 1048576K
}
Event: 22.960 GC heap before
{Heap before GC invocations=16 (full 2):
 PSYoungGen      total 252928K, used 170125K [0x00000000d6100000, 0x00000000eb500000, 0x0000000100000000)
  eden space 241664K, 65% used [0x00000000d6100000,0x00000000dfc3c118,0x00000000e4d00000)
  from space 11264K, 99% used [0x00000000e4d00000,0x00000000e57e74b0,0x00000000e5800000)
  to   space 12800K, 0% used [0x00000000ea880000,0x00000000ea880000,0x00000000eb500000)
 ParOldGen       total 78848K, used 25198K [0x0000000082200000, 0x0000000086f00000, 0x00000000d6100000)
  object space 78848K, 31% used [0x0000000082200000,0x0000000083a9bb38,0x0000000086f00000)
 Metaspace       used 57472K, capacity 58860K, committed 59096K, reserved 1099776K
  class space    used 7641K, capacity 7924K, committed 7936K, reserved 1048576K
Event: 22.972 GC heap after
Heap after GC invocations=16 (full 2):
 PSYoungGen      total 335872K, used 6832K [0x00000000d6100000, 0x00000000ec280000, 0x0000000100000000)
  eden space 323072K, 0% used [0x00000000d6100000,0x00000000d6100000,0x00000000e9c80000)
  from space 12800K, 53% used [0x00000000ea880000,0x00000000eaf2c190,0x00000000eb500000)
  to   space 12288K, 0% used [0x00000000e9c80000,0x00000000e9c80000,0x00000000ea880000)
 ParOldGen       total 78848K, used 28332K [0x0000000082200000, 0x0000000086f00000, 0x00000000d6100000)
  object space 78848K, 35% used [0x0000000082200000,0x0000000083dab0c8,0x0000000086f00000)
 Metaspace       used 57472K, capacity 58860K, committed 59096K, reserved 1099776K
  class space    used 7641K, capacity 7924K, committed 7936K, reserved 1048576K
}
Event: 22.972 GC heap before
{Heap before GC invocations=17 (full 3):
 PSYoungGen      total 335872K, used 6832K [0x00000000d6100000, 0x00000000ec280000, 0x0000000100000000)
  eden space 323072K, 0% used [0x00000000d6100000,0x00000000d6100000,0x00000000e9c80000)
  from space 12800K, 53% used [0x00000000ea880000,0x00000000eaf2c190,0x00000000eb500000)
  to   space 12288K, 0% used [0x00000000e9c80000,0x00000000e9c80000,0x00000000ea880000)
 ParOldGen       total 78848K, used 28332K [0x0000000082200000, 0x0000000086f00000, 0x00000000d6100000)
  object space 78848K, 35% used [0x0000000082200000,0x0000000083dab0c8,0x0000000086f00000)
 Metaspace       used 57472K, capacity 58860K, committed 59096K, reserved 1099776K
  class space    used 7641K, capacity 7924K, committed 7936K, reserved 1048576K
Event: 23.316 GC heap after
Heap after GC invocations=17 (full 3):
 PSYoungGen      total 335872K, used 0K [0x00000000d6100000, 0x00000000ec280000, 0x0000000100000000)
  eden space 323072K, 0% used [0x00000000d6100000,0x00000000d6100000,0x00000000e9c80000)
  from space 12800K, 0% used [0x00000000ea880000,0x00000000ea880000,0x00000000eb500000)
  to   space 12288K, 0% used [0x00000000e9c80000,0x00000000e9c80000,0x00000000ea880000)
 ParOldGen       total 103936K, used 30539K [0x0000000082200000, 0x0000000088780000, 0x00000000d6100000)
  object space 103936K, 29% used [0x0000000082200000,0x0000000083fd2c50,0x0000000088780000)
 Metaspace       used 57472K, capacity 58860K, committed 59096K, reserved 1099776K
  class space    used 7641K, capacity 7924K, committed 7936K, reserved 1048576K
}

